<?xml version="1.0" encoding="UTF-8"?>
<!-- Generated by org.testng.reporters.JUnitReportReporter -->
<testsuite hostname="USBLRANJALISI71" failures="0" tests="1" name="Firstproject.Appium.Assisgnment" time="12.253" errors="0" timestamp="2022-11-30T12:56:41 IST" skipped="0">
  <testcase classname="Firstproject.Appium.Assisgnment" name="Assisgnmentend" time="12.253"/>
  <system-out/>
</testsuite> <!-- Firstproject.Appium.Assisgnment -->
