<?xml version="1.0" encoding="UTF-8"?>
<!-- Generated by org.testng.reporters.JUnitReportReporter -->
<testsuite hostname="USBLRANJALISI71" failures="0" tests="1" name="Firstproject.Appium.Miscellanous" time="14.824" errors="0" timestamp="2022-12-01T11:40:33 IST" skipped="0">
  <testcase classname="Firstproject.Appium.Miscellanous" name="Miscellanous" time="14.824"/>
  <system-out/>
</testsuite> <!-- Firstproject.Appium.Miscellanous -->
