<?xml version="1.0" encoding="UTF-8"?>
<!-- Generated by org.testng.reporters.JUnitReportReporter -->
<testsuite hostname="USBLRANJALISI71" failures="0" tests="1" name="Firstproject.Appium.Dragdrop" time="6.270" errors="0" timestamp="2022-11-29T11:35:57 IST" skipped="0">
  <testcase classname="Firstproject.Appium.Dragdrop" name="DragandDrop" time="6.270"/>
  <system-out/>
</testsuite> <!-- Firstproject.Appium.Dragdrop -->
