<?xml version="1.0" encoding="UTF-8"?>
<!-- Generated by org.testng.reporters.JUnitReportReporter -->
<testsuite hostname="USBLRANJALISI71" failures="0" tests="1" name="Firstproject.Appium.Appiumbasic2" time="10.122" errors="0" timestamp="2022-11-24T12:44:52 IST" skipped="0">
  <testcase classname="Firstproject.Appium.Appiumbasic2" name="Longpress" time="10.122"/>
  <system-out/>
</testsuite> <!-- Firstproject.Appium.Appiumbasic2 -->
