<?xml version="1.0" encoding="UTF-8"?>
<!-- Generated by org.testng.reporters.JUnitReportReporter -->
<testsuite hostname="USBLRANJALISI71" failures="0" tests="1" name="Firstproject.Appium.Appiumbasic" time="7.985" errors="0" timestamp="2022-11-24T11:23:54 IST" skipped="0">
  <testcase classname="Firstproject.Appium.Appiumbasic" name="WifiSetting" time="7.985"/>
  <system-out/>
</testsuite> <!-- Firstproject.Appium.Appiumbasic -->
