<?xml version="1.0" encoding="UTF-8"?>
<!-- Generated by org.testng.reporters.JUnitReportReporter -->
<testsuite hostname="USBLRANJALISI71" failures="0" tests="1" name="Firstproject.Appium.Orenitationkey" time="15.837" errors="0" timestamp="2022-11-29T11:52:16 IST" skipped="0">
  <testcase classname="Firstproject.Appium.Orenitationkey" name="Oreintationkey" time="15.837"/>
  <system-out/>
</testsuite> <!-- Firstproject.Appium.Orenitationkey -->
